Determining if the pthread_create exist failed with the following output:
Change Dir: /home/younes/anl-veloc/VELOC/CMakeFiles/CMakeTmp

Run Build Command:"/usr/bin/make" "cmTC_7c820/fast"
/usr/bin/make -f CMakeFiles/cmTC_7c820.dir/build.make CMakeFiles/cmTC_7c820.dir/build
make[1]: Entering directory '/home/younes/anl-veloc/VELOC/CMakeFiles/CMakeTmp'
Building C object CMakeFiles/cmTC_7c820.dir/CheckSymbolExists.c.o
/usr/bin/cc    -o CMakeFiles/cmTC_7c820.dir/CheckSymbolExists.c.o   -c /home/younes/anl-veloc/VELOC/CMakeFiles/CMakeTmp/CheckSymbolExists.c
Linking C executable cmTC_7c820
/usr/bin/cmake -E cmake_link_script CMakeFiles/cmTC_7c820.dir/link.txt --verbose=1
/usr/bin/cc      CMakeFiles/cmTC_7c820.dir/CheckSymbolExists.c.o  -o cmTC_7c820 
CMakeFiles/cmTC_7c820.dir/CheckSymbolExists.c.o: In function `main':
CheckSymbolExists.c:(.text+0x1b): undefined reference to `pthread_create'
collect2: error: ld returned 1 exit status
CMakeFiles/cmTC_7c820.dir/build.make:97: recipe for target 'cmTC_7c820' failed
make[1]: *** [cmTC_7c820] Error 1
make[1]: Leaving directory '/home/younes/anl-veloc/VELOC/CMakeFiles/CMakeTmp'
Makefile:126: recipe for target 'cmTC_7c820/fast' failed
make: *** [cmTC_7c820/fast] Error 2

File /home/younes/anl-veloc/VELOC/CMakeFiles/CMakeTmp/CheckSymbolExists.c:
/* */
#include <pthread.h>

int main(int argc, char** argv)
{
  (void)argv;
#ifndef pthread_create
  return ((int*)(&pthread_create))[argc];
#else
  (void)argc;
  return 0;
#endif
}

Determining if the function pthread_create exists in the pthreads failed with the following output:
Change Dir: /home/younes/anl-veloc/VELOC/CMakeFiles/CMakeTmp

Run Build Command:"/usr/bin/make" "cmTC_583ee/fast"
/usr/bin/make -f CMakeFiles/cmTC_583ee.dir/build.make CMakeFiles/cmTC_583ee.dir/build
make[1]: Entering directory '/home/younes/anl-veloc/VELOC/CMakeFiles/CMakeTmp'
Building C object CMakeFiles/cmTC_583ee.dir/CheckFunctionExists.c.o
/usr/bin/cc   -DCHECK_FUNCTION_EXISTS=pthread_create   -o CMakeFiles/cmTC_583ee.dir/CheckFunctionExists.c.o   -c /usr/share/cmake-3.10/Modules/CheckFunctionExists.c
Linking C executable cmTC_583ee
/usr/bin/cmake -E cmake_link_script CMakeFiles/cmTC_583ee.dir/link.txt --verbose=1
/usr/bin/cc  -DCHECK_FUNCTION_EXISTS=pthread_create    CMakeFiles/cmTC_583ee.dir/CheckFunctionExists.c.o  -o cmTC_583ee -lpthreads 
/usr/bin/ld: cannot find -lpthreads
collect2: error: ld returned 1 exit status
CMakeFiles/cmTC_583ee.dir/build.make:97: recipe for target 'cmTC_583ee' failed
make[1]: *** [cmTC_583ee] Error 1
make[1]: Leaving directory '/home/younes/anl-veloc/VELOC/CMakeFiles/CMakeTmp'
Makefile:126: recipe for target 'cmTC_583ee/fast' failed
make: *** [cmTC_583ee/fast] Error 2


